0 info it worked if it ends with ok
1 verbose cli [ '/usr/local/bin/node', '/usr/local/bin/npm', 'run', 'test' ]
2 info using npm@3.8.6
3 info using node@v6.0.0
4 verbose run-script [ 'pretest', 'test', 'posttest' ]
5 info lifecycle koapp@0.0.1~pretest: koapp@0.0.1
6 silly lifecycle koapp@0.0.1~pretest: no script for pretest, continuing
7 info lifecycle koapp@0.0.1~test: koapp@0.0.1
8 verbose lifecycle koapp@0.0.1~test: unsafe-perm in lifecycle true
9 verbose lifecycle koapp@0.0.1~test: PATH: /usr/local/lib/node_modules/npm/bin/node-gyp-bin:/home/dan/WebstormProjects/koapp/node_modules/.bin:/usr/local/bin:/usr/local/sbin:/usr/local/bin:/usr/sbin:/usr/bin:/sbin:/bin:/usr/games:/usr/local/games:/opt/google_appengine/:/opt/vscode/Code:/usr/local/go/bin:/home/dan/code/go/bin:/opt/go_appengine/:/home/dan/bin:/usr/share/dotnet/bin
10 verbose lifecycle koapp@0.0.1~test: CWD: /home/dan/WebstormProjects/koapp
11 silly lifecycle koapp@0.0.1~test: Args: [ '-c', 'mocha built/tests.js' ]
12 silly lifecycle koapp@0.0.1~test: Returned: code: 1  signal: null
13 info lifecycle koapp@0.0.1~test: Failed to exec test script
14 verbose stack Error: koapp@0.0.1 test: `mocha built/tests.js`
14 verbose stack Exit status 1
14 verbose stack     at EventEmitter.<anonymous> (/usr/local/lib/node_modules/npm/lib/utils/lifecycle.js:239:16)
14 verbose stack     at emitTwo (events.js:106:13)
14 verbose stack     at EventEmitter.emit (events.js:191:7)
14 verbose stack     at ChildProcess.<anonymous> (/usr/local/lib/node_modules/npm/lib/utils/spawn.js:24:14)
14 verbose stack     at emitTwo (events.js:106:13)
14 verbose stack     at ChildProcess.emit (events.js:191:7)
14 verbose stack     at maybeClose (internal/child_process.js:850:16)
14 verbose stack     at Process.ChildProcess._handle.onexit (internal/child_process.js:215:5)
15 verbose pkgid koapp@0.0.1
16 verbose cwd /home/dan/WebstormProjects/koapp
17 error Linux 3.19.0-61-generic
18 error argv "/usr/local/bin/node" "/usr/local/bin/npm" "run" "test"
19 error node v6.0.0
20 error npm  v3.8.6
21 error code ELIFECYCLE
22 error koapp@0.0.1 test: `mocha built/tests.js`
22 error Exit status 1
23 error Failed at the koapp@0.0.1 test script 'mocha built/tests.js'.
23 error Make sure you have the latest version of node.js and npm installed.
23 error If you do, this is most likely a problem with the koapp package,
23 error not with npm itself.
23 error Tell the author that this fails on your system:
23 error     mocha built/tests.js
23 error You can get information on how to open an issue for this project with:
23 error     npm bugs koapp
23 error Or if that isn't available, you can get their info via:
23 error     npm owner ls koapp
23 error There is likely additional logging output above.
24 verbose exit [ 1, true ]
